2020-04-08 15:43:09,483 [Worker-1] INFO  c.g.t.t.d.PublishedGradleVersions - Gradle version information cache is out-of-date. Trying to update.
2020-04-08 15:46:18,070 [Worker-18] INFO  o.e.m.c.i.l.LifecycleMappingFactory - Using org.eclipse.m2e.jdt.JarLifecycleMapping lifecycle mapping for MavenProject: Test:Test:0.0.1-SNAPSHOT @ F:\YpyWorkSpace\Test\pom.xml.
2020-04-08 15:46:18,924 [Worker-18] INFO  o.e.m.j.i.AbstractJavaProjectConfigurator - Adding source folder /Test/src/main/java
2020-04-08 15:46:18,926 [Worker-18] INFO  o.e.m.j.i.AbstractJavaProjectConfigurator - Adding resource folder /Test/src/main/resources
2020-04-08 15:46:18,927 [Worker-18] INFO  o.e.m.j.i.AbstractJavaProjectConfigurator - Adding source folder /Test/src/test/java
2020-04-08 15:46:18,927 [Worker-18] INFO  o.e.m.j.i.AbstractJavaProjectConfigurator - Adding resource folder /Test/src/test/resources
2020-04-08 15:46:20,321 [Worker-18] WARN  o.e.m.c.i.embedder.EclipseLogger - Using platform encoding (GBK actually) to copy filtered resources, i.e. build is platform dependent!
2020-04-08 15:46:20,325 [Worker-18] INFO  o.e.m.c.i.embedder.EclipseLogger - Copying 0 resource
2020-04-08 15:46:20,327 [Worker-18] WARN  o.e.m.c.i.embedder.EclipseLogger - Using platform encoding (GBK actually) to copy filtered resources, i.e. build is platform dependent!
2020-04-08 15:46:20,328 [Worker-18] INFO  o.e.m.c.i.embedder.EclipseLogger - Copying 0 resource
2020-04-08 15:53:48,873 [Worker-1] INFO  o.e.m.c.i.l.LifecycleMappingFactory - Using org.eclipse.m2e.jdt.JarLifecycleMapping lifecycle mapping for MavenProject: Test:Test:0.0.1-SNAPSHOT @ F:\YpyWorkSpace\Test\pom.xml.
2020-04-08 15:53:49,560 [Worker-1] WARN  o.e.m.c.i.embedder.EclipseLogger - Using platform encoding (GBK actually) to copy filtered resources, i.e. build is platform dependent!
2020-04-08 15:53:49,562 [Worker-1] INFO  o.e.m.c.i.embedder.EclipseLogger - Copying 0 resource
2020-04-08 15:53:49,564 [Worker-1] WARN  o.e.m.c.i.embedder.EclipseLogger - Using platform encoding (GBK actually) to copy filtered resources, i.e. build is platform dependent!
2020-04-08 15:53:49,565 [Worker-1] INFO  o.e.m.c.i.embedder.EclipseLogger - Copying 0 resource
2020-04-08 15:54:07,028 [Worker-1] INFO  o.e.m.c.i.l.LifecycleMappingFactory - Using org.eclipse.m2e.jdt.JarLifecycleMapping lifecycle mapping for MavenProject: Test:Test:0.0.1-SNAPSHOT @ F:\YpyWorkSpace\Test\pom.xml.
2020-04-08 15:54:07,402 [Worker-1] WARN  o.e.m.c.i.embedder.EclipseLogger - Using platform encoding (GBK actually) to copy filtered resources, i.e. build is platform dependent!
2020-04-08 15:54:07,404 [Worker-1] INFO  o.e.m.c.i.embedder.EclipseLogger - Copying 0 resource
2020-04-08 15:54:07,405 [Worker-1] WARN  o.e.m.c.i.embedder.EclipseLogger - Using platform encoding (GBK actually) to copy filtered resources, i.e. build is platform dependent!
2020-04-08 15:54:07,406 [Worker-1] INFO  o.e.m.c.i.embedder.EclipseLogger - Copying 0 resource
2020-04-08 15:54:08,819 [Worker-2] WARN  o.e.m.c.i.embedder.EclipseLogger - Using platform encoding (GBK actually) to copy filtered resources, i.e. build is platform dependent!
2020-04-08 15:54:08,822 [Worker-2] INFO  o.e.m.c.i.embedder.EclipseLogger - Copying 0 resource
2020-04-08 15:54:08,823 [Worker-2] WARN  o.e.m.c.i.embedder.EclipseLogger - Using platform encoding (GBK actually) to copy filtered resources, i.e. build is platform dependent!
2020-04-08 15:54:08,824 [Worker-2] INFO  o.e.m.c.i.embedder.EclipseLogger - Copying 0 resource
2020-04-08 15:54:26,901 [Worker-9] WARN  o.e.m.c.i.embedder.EclipseLogger - Using platform encoding (GBK actually) to copy filtered resources, i.e. build is platform dependent!
2020-04-08 15:54:26,902 [Worker-9] INFO  o.e.m.c.i.embedder.EclipseLogger - Copying 0 resource
2020-04-08 15:54:26,904 [Worker-9] WARN  o.e.m.c.i.embedder.EclipseLogger - Using platform encoding (GBK actually) to copy filtered resources, i.e. build is platform dependent!
2020-04-08 15:54:26,905 [Worker-9] INFO  o.e.m.c.i.embedder.EclipseLogger - Copying 0 resource
2020-04-08 15:54:38,630 [Worker-1] WARN  o.e.m.c.i.embedder.EclipseLogger - Using platform encoding (GBK actually) to copy filtered resources, i.e. build is platform dependent!
2020-04-08 15:54:38,631 [Worker-1] INFO  o.e.m.c.i.embedder.EclipseLogger - Copying 0 resource
2020-04-08 15:54:38,632 [Worker-1] WARN  o.e.m.c.i.embedder.EclipseLogger - Using platform encoding (GBK actually) to copy filtered resources, i.e. build is platform dependent!
2020-04-08 15:54:38,632 [Worker-1] INFO  o.e.m.c.i.embedder.EclipseLogger - Copying 0 resource
2020-04-08 15:54:39,711 [Worker-24] WARN  o.e.m.c.i.embedder.EclipseLogger - Using platform encoding (GBK actually) to copy filtered resources, i.e. build is platform dependent!
2020-04-08 15:54:39,712 [Worker-24] INFO  o.e.m.c.i.embedder.EclipseLogger - Copying 0 resource
2020-04-08 15:54:39,713 [Worker-24] WARN  o.e.m.c.i.embedder.EclipseLogger - Using platform encoding (GBK actually) to copy filtered resources, i.e. build is platform dependent!
2020-04-08 15:54:39,714 [Worker-24] INFO  o.e.m.c.i.embedder.EclipseLogger - Copying 0 resource
2020-04-08 15:54:53,749 [Worker-9] WARN  o.e.m.c.i.embedder.EclipseLogger - Using platform encoding (GBK actually) to copy filtered resources, i.e. build is platform dependent!
2020-04-08 15:54:53,750 [Worker-9] INFO  o.e.m.c.i.embedder.EclipseLogger - Copying 0 resource
2020-04-08 15:54:53,751 [Worker-9] WARN  o.e.m.c.i.embedder.EclipseLogger - Using platform encoding (GBK actually) to copy filtered resources, i.e. build is platform dependent!
2020-04-08 15:54:53,752 [Worker-9] INFO  o.e.m.c.i.embedder.EclipseLogger - Copying 0 resource
2020-04-08 15:55:35,306 [Worker-9] WARN  o.e.r.models.ModelRepository - Failed to download org.eclipse.recommenders:index::zip:0.0.0
org.eclipse.aether.resolution.ArtifactResolutionException: Could not find artifact org.eclipse.recommenders:index:zip:0.0.0-SNAPSHOT in models (http://download.eclipse.org/recommenders/models/oxygen/)
	at org.eclipse.aether.internal.impl.DefaultArtifactResolver.resolve(DefaultArtifactResolver.java:453) ~[na:na]
	at org.eclipse.aether.internal.impl.DefaultArtifactResolver.resolveArtifacts(DefaultArtifactResolver.java:255) ~[na:na]
	at org.eclipse.aether.internal.impl.DefaultArtifactResolver.resolveArtifact(DefaultArtifactResolver.java:232) ~[na:na]
	at org.eclipse.aether.internal.impl.DefaultRepositorySystem.resolveArtifact(DefaultRepositorySystem.java:303) ~[na:na]
	at org.eclipse.recommenders.models.ModelRepository.resolveInternal(ModelRepository.java:193) [org.eclipse.recommenders.models_2.5.2.v20180401-1226.jar:na]
	at org.eclipse.recommenders.models.ModelRepository.resolve(ModelRepository.java:172) [org.eclipse.recommenders.models_2.5.2.v20180401-1226.jar:na]
	at org.eclipse.recommenders.internal.models.rcp.EclipseModelRepository.resolve(EclipseModelRepository.java:168) [org.eclipse.recommenders.models.rcp_2.5.2.v20180401-1226.jar:na]
	at org.eclipse.recommenders.internal.models.rcp.DownloadModelArchiveJob.run(DownloadModelArchiveJob.java:76) [org.eclipse.recommenders.models.rcp_2.5.2.v20180401-1226.jar:na]
	at org.eclipse.core.internal.jobs.Worker.run(Worker.java:56) [org.eclipse.core.jobs_3.9.3.v20180115-1757.jar:na]
Caused by: org.eclipse.aether.transfer.ArtifactNotFoundException: Could not find artifact org.eclipse.recommenders:index:zip:0.0.0-SNAPSHOT in models (http://download.eclipse.org/recommenders/models/oxygen/)
	at org.eclipse.aether.connector.basic.ArtifactTransportListener.transferFailed(ArtifactTransportListener.java:48) ~[org.apache.maven.resolver.connector.basic_1.0.3.v20170405-0725.jar:1.0.3]
	at org.eclipse.aether.connector.basic.BasicRepositoryConnector$TaskRunner.run(BasicRepositoryConnector.java:364) ~[org.apache.maven.resolver.connector.basic_1.0.3.v20170405-0725.jar:1.0.3]
	at org.eclipse.aether.util.concurrency.RunnableErrorForwarder$1.run(RunnableErrorForwarder.java:76) ~[na:na]
	at org.eclipse.aether.connector.basic.BasicRepositoryConnector$DirectExecutor.execute(BasicRepositoryConnector.java:590) ~[org.apache.maven.resolver.connector.basic_1.0.3.v20170405-0725.jar:1.0.3]
	at org.eclipse.aether.connector.basic.BasicRepositoryConnector.get(BasicRepositoryConnector.java:258) ~[org.apache.maven.resolver.connector.basic_1.0.3.v20170405-0725.jar:1.0.3]
	at org.eclipse.aether.internal.impl.DefaultArtifactResolver.performDownloads(DefaultArtifactResolver.java:529) ~[na:na]
	at org.eclipse.aether.internal.impl.DefaultArtifactResolver.resolve(DefaultArtifactResolver.java:430) ~[na:na]
	... 8 common frames omitted
2020-04-08 15:55:48,827 [Worker-9] WARN  o.e.m.c.i.embedder.EclipseLogger - Using platform encoding (GBK actually) to copy filtered resources, i.e. build is platform dependent!
2020-04-08 15:55:48,828 [Worker-9] INFO  o.e.m.c.i.embedder.EclipseLogger - Copying 0 resource
2020-04-08 15:55:48,829 [Worker-9] WARN  o.e.m.c.i.embedder.EclipseLogger - Using platform encoding (GBK actually) to copy filtered resources, i.e. build is platform dependent!
2020-04-08 15:55:48,829 [Worker-9] INFO  o.e.m.c.i.embedder.EclipseLogger - Copying 0 resource
2020-04-08 15:56:34,251 [Worker-18] WARN  o.e.m.c.i.embedder.EclipseLogger - Using platform encoding (GBK actually) to copy filtered resources, i.e. build is platform dependent!
2020-04-08 15:56:34,252 [Worker-18] INFO  o.e.m.c.i.embedder.EclipseLogger - Copying 0 resource
2020-04-08 15:56:34,253 [Worker-18] WARN  o.e.m.c.i.embedder.EclipseLogger - Using platform encoding (GBK actually) to copy filtered resources, i.e. build is platform dependent!
2020-04-08 15:56:34,254 [Worker-18] INFO  o.e.m.c.i.embedder.EclipseLogger - Copying 0 resource
2020-04-08 15:56:39,568 [Worker-18] WARN  o.e.m.c.i.embedder.EclipseLogger - Using platform encoding (GBK actually) to copy filtered resources, i.e. build is platform dependent!
2020-04-08 15:56:39,569 [Worker-18] INFO  o.e.m.c.i.embedder.EclipseLogger - Copying 0 resource
2020-04-08 15:56:39,570 [Worker-18] WARN  o.e.m.c.i.embedder.EclipseLogger - Using platform encoding (GBK actually) to copy filtered resources, i.e. build is platform dependent!
2020-04-08 15:56:39,571 [Worker-18] INFO  o.e.m.c.i.embedder.EclipseLogger - Copying 0 resource
2020-04-08 15:56:56,173 [Worker-23] WARN  o.e.m.c.i.embedder.EclipseLogger - Using platform encoding (GBK actually) to copy filtered resources, i.e. build is platform dependent!
2020-04-08 15:56:56,174 [Worker-23] INFO  o.e.m.c.i.embedder.EclipseLogger - Copying 0 resource
2020-04-08 15:56:56,176 [Worker-23] WARN  o.e.m.c.i.embedder.EclipseLogger - Using platform encoding (GBK actually) to copy filtered resources, i.e. build is platform dependent!
2020-04-08 15:56:56,176 [Worker-23] INFO  o.e.m.c.i.embedder.EclipseLogger - Copying 0 resource
2020-04-08 15:57:15,526 [Worker-2] WARN  o.e.m.c.i.embedder.EclipseLogger - Using platform encoding (GBK actually) to copy filtered resources, i.e. build is platform dependent!
2020-04-08 15:57:15,526 [Worker-2] INFO  o.e.m.c.i.embedder.EclipseLogger - Copying 0 resource
2020-04-08 15:57:15,527 [Worker-2] WARN  o.e.m.c.i.embedder.EclipseLogger - Using platform encoding (GBK actually) to copy filtered resources, i.e. build is platform dependent!
2020-04-08 15:57:15,528 [Worker-2] INFO  o.e.m.c.i.embedder.EclipseLogger - Copying 0 resource
2020-04-08 15:57:29,952 [Worker-1] WARN  o.e.m.c.i.embedder.EclipseLogger - Using platform encoding (GBK actually) to copy filtered resources, i.e. build is platform dependent!
2020-04-08 15:57:29,953 [Worker-1] INFO  o.e.m.c.i.embedder.EclipseLogger - Copying 0 resource
2020-04-08 15:57:29,954 [Worker-1] WARN  o.e.m.c.i.embedder.EclipseLogger - Using platform encoding (GBK actually) to copy filtered resources, i.e. build is platform dependent!
2020-04-08 15:57:29,954 [Worker-1] INFO  o.e.m.c.i.embedder.EclipseLogger - Copying 0 resource
2020-04-08 15:57:38,079 [Worker-18] WARN  o.e.m.c.i.embedder.EclipseLogger - Using platform encoding (GBK actually) to copy filtered resources, i.e. build is platform dependent!
2020-04-08 15:57:38,080 [Worker-18] INFO  o.e.m.c.i.embedder.EclipseLogger - Copying 0 resource
2020-04-08 15:57:38,081 [Worker-18] WARN  o.e.m.c.i.embedder.EclipseLogger - Using platform encoding (GBK actually) to copy filtered resources, i.e. build is platform dependent!
2020-04-08 15:57:38,082 [Worker-18] INFO  o.e.m.c.i.embedder.EclipseLogger - Copying 0 resource
2020-04-08 15:57:41,233 [Worker-23] WARN  o.e.m.c.i.embedder.EclipseLogger - Using platform encoding (GBK actually) to copy filtered resources, i.e. build is platform dependent!
2020-04-08 15:57:41,233 [Worker-23] INFO  o.e.m.c.i.embedder.EclipseLogger - Copying 0 resource
2020-04-08 15:57:41,235 [Worker-23] WARN  o.e.m.c.i.embedder.EclipseLogger - Using platform encoding (GBK actually) to copy filtered resources, i.e. build is platform dependent!
2020-04-08 15:57:41,236 [Worker-23] INFO  o.e.m.c.i.embedder.EclipseLogger - Copying 0 resource
2020-04-08 15:58:05,918 [Worker-9] WARN  o.e.m.c.i.embedder.EclipseLogger - Using platform encoding (GBK actually) to copy filtered resources, i.e. build is platform dependent!
2020-04-08 15:58:05,919 [Worker-9] INFO  o.e.m.c.i.embedder.EclipseLogger - Copying 0 resource
2020-04-08 15:58:05,920 [Worker-9] WARN  o.e.m.c.i.embedder.EclipseLogger - Using platform encoding (GBK actually) to copy filtered resources, i.e. build is platform dependent!
2020-04-08 15:58:05,921 [Worker-9] INFO  o.e.m.c.i.embedder.EclipseLogger - Copying 0 resource
2020-04-08 15:58:18,843 [Worker-24] WARN  o.e.m.c.i.embedder.EclipseLogger - Using platform encoding (GBK actually) to copy filtered resources, i.e. build is platform dependent!
2020-04-08 15:58:18,844 [Worker-24] INFO  o.e.m.c.i.embedder.EclipseLogger - Copying 0 resource
2020-04-08 15:58:18,846 [Worker-24] WARN  o.e.m.c.i.embedder.EclipseLogger - Using platform encoding (GBK actually) to copy filtered resources, i.e. build is platform dependent!
2020-04-08 15:58:18,846 [Worker-24] INFO  o.e.m.c.i.embedder.EclipseLogger - Copying 0 resource
2020-04-08 16:01:07,853 [Worker-23] WARN  o.e.m.c.i.embedder.EclipseLogger - Using platform encoding (GBK actually) to copy filtered resources, i.e. build is platform dependent!
2020-04-08 16:01:07,855 [Worker-23] INFO  o.e.m.c.i.embedder.EclipseLogger - Copying 1 resource
2020-04-08 16:01:07,861 [Worker-23] WARN  o.e.m.c.i.embedder.EclipseLogger - Using platform encoding (GBK actually) to copy filtered resources, i.e. build is platform dependent!
2020-04-08 16:01:07,861 [Worker-23] INFO  o.e.m.c.i.embedder.EclipseLogger - Copying 0 resource
2020-04-08 16:01:20,649 [Worker-2] WARN  o.e.m.c.i.embedder.EclipseLogger - Using platform encoding (GBK actually) to copy filtered resources, i.e. build is platform dependent!
2020-04-08 16:01:20,650 [Worker-2] INFO  o.e.m.c.i.embedder.EclipseLogger - Copying 1 resource
2020-04-08 16:01:20,651 [Worker-2] WARN  o.e.m.c.i.embedder.EclipseLogger - Using platform encoding (GBK actually) to copy filtered resources, i.e. build is platform dependent!
2020-04-08 16:01:20,652 [Worker-2] INFO  o.e.m.c.i.embedder.EclipseLogger - Copying 0 resource
2020-04-08 16:01:46,805 [Worker-26] WARN  o.e.m.c.i.embedder.EclipseLogger - Using platform encoding (GBK actually) to copy filtered resources, i.e. build is platform dependent!
2020-04-08 16:01:46,805 [Worker-26] INFO  o.e.m.c.i.embedder.EclipseLogger - Copying 1 resource
2020-04-08 16:01:46,807 [Worker-26] WARN  o.e.m.c.i.embedder.EclipseLogger - Using platform encoding (GBK actually) to copy filtered resources, i.e. build is platform dependent!
2020-04-08 16:01:46,807 [Worker-26] INFO  o.e.m.c.i.embedder.EclipseLogger - Copying 0 resource
2020-04-08 16:04:14,225 [Worker-2] WARN  o.e.m.c.i.embedder.EclipseLogger - Using platform encoding (GBK actually) to copy filtered resources, i.e. build is platform dependent!
2020-04-08 16:04:14,226 [Worker-2] INFO  o.e.m.c.i.embedder.EclipseLogger - Copying 1 resource
2020-04-08 16:04:14,227 [Worker-2] WARN  o.e.m.c.i.embedder.EclipseLogger - Using platform encoding (GBK actually) to copy filtered resources, i.e. build is platform dependent!
2020-04-08 16:04:14,227 [Worker-2] INFO  o.e.m.c.i.embedder.EclipseLogger - Copying 0 resource
2020-04-08 16:20:40,282 [Worker-23] WARN  o.e.m.c.i.embedder.EclipseLogger - Using platform encoding (GBK actually) to copy filtered resources, i.e. build is platform dependent!
2020-04-08 16:20:40,282 [Worker-23] INFO  o.e.m.c.i.embedder.EclipseLogger - Copying 1 resource
2020-04-08 16:20:40,282 [Worker-23] WARN  o.e.m.c.i.embedder.EclipseLogger - Using platform encoding (GBK actually) to copy filtered resources, i.e. build is platform dependent!
2020-04-08 16:20:40,282 [Worker-23] INFO  o.e.m.c.i.embedder.EclipseLogger - Copying 0 resource
2020-04-08 16:20:46,011 [Worker-23] WARN  o.e.m.c.i.embedder.EclipseLogger - Using platform encoding (GBK actually) to copy filtered resources, i.e. build is platform dependent!
2020-04-08 16:20:46,011 [Worker-23] INFO  o.e.m.c.i.embedder.EclipseLogger - Copying 1 resource
2020-04-08 16:20:46,011 [Worker-23] WARN  o.e.m.c.i.embedder.EclipseLogger - Using platform encoding (GBK actually) to copy filtered resources, i.e. build is platform dependent!
2020-04-08 16:20:46,011 [Worker-23] INFO  o.e.m.c.i.embedder.EclipseLogger - Copying 0 resource
